2025-04-23 22:36:55,547 - INFO - Data Processing Initialized...
2025-04-23 22:36:55,547 - INFO - Loading Data for index 0
2025-04-23 22:36:55,547 - INFO - Image Path : artifacts/raw\Images\1.jpeg
2025-04-23 23:07:30,819 - INFO - Model Architecture intialized...
2025-04-23 23:07:30,820 - INFO - Model Moved to device
2025-04-23 23:07:30,821 - INFO - Optimizer has been initialized..
2025-04-23 23:07:30,821 - INFO - Data Processing Initialized...
2025-04-23 23:07:30,822 - INFO - Data splitted sucesfuly...
2025-04-23 23:07:30,822 - INFO - Starting epoch 0
2025-04-23 23:07:30,822 - INFO - Loading Data for index 9
2025-04-23 23:07:30,822 - INFO - Image Path : artifacts/raw/Images\107.jpeg
2025-04-23 23:07:30,837 - INFO - Loading Data for index 23
2025-04-23 23:07:30,837 - INFO - Image Path : artifacts/raw/Images\12.jpeg
2025-04-23 23:07:30,851 - INFO - Loading Data for index 7
2025-04-23 23:07:30,851 - INFO - Image Path : artifacts/raw/Images\105.jpeg
2025-04-23 23:07:52,205 - INFO - Loading Data for index 19
2025-04-23 23:07:52,205 - INFO - Image Path : artifacts/raw/Images\116.jpeg
2025-04-23 23:07:52,220 - INFO - Loading Data for index 21
2025-04-23 23:07:52,220 - INFO - Image Path : artifacts/raw/Images\118.jpeg
2025-04-23 23:07:52,232 - INFO - Loading Data for index 24
2025-04-23 23:07:52,232 - INFO - Image Path : artifacts/raw/Images\120.jpeg
2025-04-23 23:08:13,992 - INFO - Loading Data for index 0
2025-04-23 23:08:13,993 - INFO - Image Path : artifacts/raw/Images\1.jpeg
2025-04-23 23:08:13,995 - INFO - Loading Data for index 8
2025-04-23 23:08:13,995 - INFO - Image Path : artifacts/raw/Images\106.jpeg
2025-04-23 23:08:14,016 - INFO - Loading Data for index 5
2025-04-23 23:08:14,016 - INFO - Image Path : artifacts/raw/Images\103.jpeg
2025-04-23 23:08:36,199 - INFO - Loading Data for index 27
2025-04-23 23:08:36,199 - INFO - Image Path : artifacts/raw/Images\123.jpeg
2025-04-23 23:08:36,215 - INFO - Loading Data for index 2
2025-04-23 23:08:36,215 - INFO - Image Path : artifacts/raw/Images\100.jpeg
2025-04-23 23:08:36,229 - INFO - Loading Data for index 20
2025-04-23 23:08:36,229 - INFO - Image Path : artifacts/raw/Images\117.jpeg
2025-04-23 23:08:57,872 - INFO - Loading Data for index 15
2025-04-23 23:08:57,873 - INFO - Image Path : artifacts/raw/Images\112.jpeg
2025-04-23 23:08:57,893 - INFO - Loading Data for index 17
2025-04-23 23:08:57,893 - INFO - Image Path : artifacts/raw/Images\114.jpeg
2025-04-23 23:08:57,907 - INFO - Loading Data for index 4
2025-04-23 23:08:57,908 - INFO - Image Path : artifacts/raw/Images\102.jpeg
2025-04-23 23:09:21,485 - INFO - Loading Data for index 6
2025-04-23 23:09:21,485 - INFO - Image Path : artifacts/raw/Images\104.jpeg
2025-04-23 23:09:21,504 - INFO - Loading Data for index 12
2025-04-23 23:09:21,505 - INFO - Image Path : artifacts/raw/Images\11.jpeg
2025-04-23 23:09:21,518 - INFO - Loading Data for index 3
2025-04-23 23:09:21,519 - INFO - Image Path : artifacts/raw/Images\101.jpeg
2025-04-23 23:09:43,703 - INFO - Loading Data for index 26
2025-04-23 23:09:43,703 - INFO - Image Path : artifacts/raw/Images\122.jpeg
2025-04-23 23:09:43,720 - INFO - Loading Data for index 22
2025-04-23 23:09:43,720 - INFO - Image Path : artifacts/raw/Images\119.jpeg
2025-04-23 23:09:43,736 - INFO - Loading Data for index 29
2025-04-23 23:09:43,736 - INFO - Image Path : artifacts/raw/Images\125.jpeg
2025-04-23 23:10:05,774 - INFO - Loading Data for index 16
2025-04-23 23:10:05,775 - INFO - Image Path : artifacts/raw/Images\113.jpeg
2025-04-23 23:10:05,790 - INFO - Loading Data for index 25
2025-04-23 23:10:05,790 - INFO - Image Path : artifacts/raw/Images\121.jpeg
2025-04-23 23:10:05,802 - INFO - Loading Data for index 28
2025-04-23 23:10:05,802 - INFO - Image Path : artifacts/raw/Images\124.jpeg
2025-04-23 23:10:28,198 - INFO - Loading Data for index 18
2025-04-23 23:10:28,198 - INFO - Image Path : artifacts/raw/Images\115.jpeg
2025-04-23 23:10:28,217 - INFO - Loading Data for index 13
2025-04-23 23:10:28,217 - INFO - Image Path : artifacts/raw/Images\110.jpeg
2025-04-23 23:10:28,232 - INFO - Loading Data for index 10
2025-04-23 23:10:28,232 - INFO - Image Path : artifacts/raw/Images\108.jpeg
2025-04-23 23:10:39,989 - INFO - <class 'list'>
2025-04-23 23:10:40,002 - INFO - VAL_LOSS : [{'boxes': tensor([[  9.6512, 114.2401,  59.0832, 139.6604],
        [  0.0000,  61.3221, 180.7435, 126.3661],
        [  5.1396, 102.7670,  58.2411, 130.8210],
        [ 18.5873, 103.8617,  47.7447, 150.6546],
        [  0.0000, 103.8793,  71.3131, 146.1649],
        [ 31.8811,  67.3672,  70.1187,  96.3106],
        [ 28.3218, 106.8659,  54.3063, 145.8651],
        [129.1562,  63.1192, 168.8746,  98.4291],
        [ 23.1459,  68.3616,  92.8525,  87.1703],
        [ 24.0649,  92.8267,  50.2540, 135.3009],
        [ 14.5103,  67.3399, 234.7854, 147.8127],
        [  4.1101,  99.1453,  37.0743, 148.5378],
        [128.6241,  60.5140, 177.0660,  81.8150],
        [ 30.8994, 114.9618,  65.8763, 143.5755],
        [ 38.3177,  72.7326,  77.2716, 106.0216],
        [105.0065,  62.5312, 171.4792,  86.9923],
        [133.5277,  70.5358, 181.3946,  92.6931],
        [  0.0000,  45.9387, 119.4131, 149.4544],
        [ 28.9790,  42.1503, 235.2818, 113.4666],
        [  0.0000, 117.5862,  46.1642, 144.6046],
        [ 21.1420,  73.1313,  92.0153,  97.7388],
        [ 84.2592,  19.7862, 183.4053, 166.6711],
        [ 39.7540,  78.0152,  67.0962, 122.6432],
        [ 39.0392,  19.4206, 140.2141, 178.3559],
        [126.6410,  60.1279, 151.9639, 103.1028],
        [ 32.9637,  69.2765,  58.9362, 108.9020],
        [ 65.0488,  71.2571, 147.6556,  93.3015],
        [ 12.0330, 112.8229,  38.0585, 160.9428],
        [ 10.2042,  65.7271,  93.6854, 121.9183],
        [133.8098,  52.8516, 158.9978,  90.2449],
        [ 37.3559, 101.4454,  60.4517, 137.1394],
        [ 21.4244,  63.8297,  48.9016, 108.5922],
        [ 21.9780,  70.2614,  66.3402, 144.1011],
        [ 36.3691,  59.5328,  83.5601, 134.1403],
        [ 24.8020,  73.1550, 145.7437, 112.9602],
        [  0.0000,  79.7629, 118.9300, 188.7127],
        [ 93.6524,  73.0839, 170.7976,  96.5853],
        [122.8689,  18.4024, 216.6766, 166.0842],
        [ 68.1820,  66.6183, 175.3642, 104.9575],
        [ 15.2703,  71.0804,  63.4605, 105.5546],
        [ 14.3543,  64.2586,  56.6791,  93.7974],
        [ 69.3211,  66.6020, 149.3050,  84.8684],
        [118.6780,  58.6678, 142.5725,  97.6794],
        [  0.0000, 106.0843,  46.4818, 177.1493],
        [ 45.9841,  57.7836,  68.4667,  96.5431],
        [  0.0000,  62.4111, 113.1641, 101.2295],
        [  5.2120,  85.0430,  53.3911, 151.4515],
        [ 95.5807,  57.5620, 169.6323, 118.3048],
        [ 28.2497, 108.3984,  80.1404, 134.2601],
        [ 42.6571,  91.4282,  79.1452, 120.7932],
        [  1.8907,  96.7318,  54.7191, 120.7837],
        [  0.0000,  93.1436, 252.2054, 184.8431],
        [ 38.4985,  68.5633, 131.9948,  89.4984],
        [ 21.4878,  99.6929,  80.2454, 120.4988],
        [107.5340,  56.2633, 170.2170,  78.5387],
        [ 54.3095,  56.6361,  75.4956,  95.7491],
        [110.3057,  62.3266, 134.9926, 101.5105],
        [ 16.4236,  89.5175,  61.0872, 124.8134],
        [107.1056,  58.9192, 187.4311,  98.6416],
        [ 55.4206,  65.3233, 113.4888, 139.3653],
        [ 96.5191,  19.7064, 136.1215,  50.4426]]), 'labels': tensor([1, 1, 1, 1, 1, 1, 1, 1, 1, 1, 1, 1, 1, 1, 1, 1, 1, 1, 1, 1, 1, 1, 1, 1,
        1, 1, 1, 1, 1, 1, 1, 1, 1, 1, 1, 1, 1, 1, 1, 1, 1, 1, 1, 1, 1, 1, 1, 1,
        1, 1, 1, 1, 1, 1, 1, 1, 1, 1, 1, 1, 1]), 'scores': tensor([0.2043, 0.1788, 0.1765, 0.1648, 0.1580, 0.1435, 0.1411, 0.1320, 0.1267,
        0.1193, 0.1190, 0.1190, 0.1183, 0.1179, 0.1164, 0.1134, 0.1125, 0.1123,
        0.1106, 0.1077, 0.1073, 0.1032, 0.1030, 0.1018, 0.1016, 0.0946, 0.0937,
        0.0906, 0.0889, 0.0889, 0.0876, 0.0874, 0.0864, 0.0839, 0.0820, 0.0758,
        0.0754, 0.0742, 0.0715, 0.0701, 0.0696, 0.0681, 0.0668, 0.0667, 0.0666,
        0.0647, 0.0641, 0.0641, 0.0623, 0.0603, 0.0597, 0.0589, 0.0587, 0.0565,
        0.0548, 0.0545, 0.0543, 0.0542, 0.0524, 0.0512, 0.0511])}, {'boxes': tensor([[146.9396,  55.9326, 194.9788,  81.8874],
        [161.5685,  44.5500, 188.8977,  88.3705],
        [136.5405,  43.8222, 166.5518,  79.9152],
        [134.8139,  48.3839, 191.5309,  75.5742],
        [167.7348,  51.3270, 194.2404,  81.4492],
        [151.2456,  42.9034, 180.0560,  83.3992],
        [125.2197,  57.8744, 185.2155,  83.5344],
        [125.1593,  43.9538, 189.4371,  96.3132],
        [130.6807,  42.5951, 161.4008,  67.8058],
        [163.7746,  59.1133, 195.7616,  91.8913],
        [147.4412,  54.9838, 174.9583,  97.8540],
        [123.5144,  44.0892, 178.4541,  62.0444],
        [132.0153,  55.9874, 159.6500,  97.8105],
        [136.7975,  38.8894, 178.1026,  68.8859],
        [133.3187,  66.3532, 186.3635,  92.7404],
        [158.1566,  37.3071, 182.0008,  72.6437],
        [148.3114,  50.2277, 191.3715, 117.7745]]), 'labels': tensor([1, 1, 1, 1, 1, 1, 1, 1, 1, 1, 1, 1, 1, 1, 1, 1, 1]), 'scores': tensor([0.1447, 0.1435, 0.1334, 0.1319, 0.1237, 0.1128, 0.0993, 0.0874, 0.0871,
        0.0714, 0.0712, 0.0675, 0.0628, 0.0570, 0.0555, 0.0523, 0.0506])}, {'boxes': tensor([[1.7832e+01, 1.2702e+01, 6.4886e+01, 3.9956e+01],
        [2.7762e+01, 1.6906e+01, 6.5097e+01, 6.0396e+01],
        [1.2952e+02, 2.7343e+01, 1.5018e+02, 6.9210e+01],
        [6.7867e+00, 8.8931e+01, 3.9701e+01, 1.2385e+02],
        [2.2216e+01, 9.2907e+00, 5.2665e+01, 5.3629e+01],
        [3.0696e+01, 3.0243e+01, 6.7386e+01, 7.3063e+01],
        [1.4203e+01, 2.6422e+00, 6.8621e+01, 5.3945e+01],
        [1.2528e+02, 1.1188e+02, 1.6753e+02, 1.3471e+02],
        [1.2333e+02, 1.9594e+01, 1.5223e+02, 5.4246e+01],
        [1.1255e+02, 1.1536e+02, 1.6253e+02, 1.4259e+02],
        [8.0606e+00, 9.5587e+01, 3.5523e+01, 1.4599e+02],
        [1.1939e+02, 3.5559e+01, 1.5374e+02, 7.5414e+01],
        [1.4060e+01, 9.2542e+01, 5.0316e+01, 1.2935e+02],
        [3.6316e+01, 1.1392e+01, 7.6032e+01, 8.5234e+01],
        [9.7107e+01, 4.6562e+01, 1.4739e+02, 7.4836e+01],
        [2.4243e+01, 3.6630e+01, 6.5662e+01, 1.0974e+02],
        [1.1531e+02, 8.7372e+01, 1.4256e+02, 1.1954e+02],
        [8.6982e+01, 1.9109e+02, 1.4126e+02, 2.1489e+02],
        [1.0149e+02, 4.5733e+01, 1.2403e+02, 8.8871e+01],
        [0.0000e+00, 8.6204e+01, 4.7771e+01, 1.4333e+02],
        [1.3810e+02, 1.0681e+02, 1.6302e+02, 1.5014e+02],
        [1.2344e+02, 1.8797e+01, 1.6130e+02, 9.0976e+01],
        [1.0516e+02, 5.0136e+01, 1.4461e+02, 9.0712e+01],
        [9.2927e+01, 3.3593e+01, 1.2733e+02, 7.1966e+01],
        [6.4160e+01, 1.0522e+02, 8.6941e+01, 1.4428e+02],
        [2.5004e+01, 3.6734e+01, 5.1878e+01, 8.5380e+01],
        [1.1265e+02, 7.7840e+01, 1.4401e+02, 1.1016e+02],
        [1.0436e+02, 2.9623e+01, 1.4570e+02, 7.0721e+01],
        [7.9888e+01, 1.8686e+02, 1.6246e+02, 2.2459e+02],
        [1.0793e+02, 1.0895e+02, 1.7435e+02, 1.5093e+02],
        [3.6253e+01, 4.6694e+01, 7.4600e+01, 9.1484e+01],
        [1.9134e+01, 1.1660e+01, 6.1971e+01, 8.1408e+01],
        [2.2415e+01, 2.2972e+01, 4.8897e+01, 7.1819e+01],
        [1.2612e+02, 1.1066e+02, 1.5276e+02, 1.5379e+02],
        [0.0000e+00, 4.6496e+00, 1.7324e+02, 6.9835e+01],
        [1.0820e+02, 3.9988e+01, 1.3305e+02, 8.2190e+01],
        [5.6831e+01, 1.0035e+02, 8.8345e+01, 1.3153e+02],
        [1.3259e+02, 9.8603e+01, 1.5547e+02, 1.4527e+02],
        [1.2290e+02, 8.9529e+01, 1.4860e+02, 1.3668e+02],
        [4.6326e+01, 3.2288e+01, 7.1222e+01, 8.4270e+01],
        [1.0587e+02, 1.8640e+02, 1.6694e+02, 2.1011e+02],
        [0.0000e+00, 1.1470e+01, 1.0579e+02, 1.3486e+02],
        [3.5903e+01, 1.3855e+02, 7.7139e+01, 1.6069e+02],
        [7.3297e+00, 2.3057e+01, 7.2119e+01, 6.7500e+01],
        [1.3220e+02, 1.8617e+02, 1.7730e+02, 2.1806e+02],
        [1.1515e+02, 4.0216e-01, 1.5696e+02, 7.1435e+01],
        [1.3169e+02, 3.9986e+01, 1.5460e+02, 8.3996e+01],
        [6.4629e+01, 9.9515e+01, 1.0102e+02, 1.3564e+02],
        [3.4337e+01, 1.1152e+02, 7.2012e+01, 1.4682e+02],
        [4.6785e+01, 8.1570e+00, 1.7294e+02, 1.1807e+02],
        [1.1876e+02, 1.7429e+01, 1.4213e+02, 5.9932e+01],
        [1.0511e+02, 9.5260e+01, 1.3669e+02, 1.2951e+02],
        [5.1638e+01, 1.0516e+02, 7.6092e+01, 1.5080e+02],
        [9.2121e+01, 1.5459e+01, 1.1843e+02, 6.2394e+01],
        [1.0620e+02, 1.1695e+02, 1.4490e+02, 1.5049e+02],
        [1.1946e+02, 1.0092e+02, 1.4573e+02, 1.4932e+02],
        [1.3547e+02, 1.0157e+02, 1.7214e+02, 1.3759e+02],
        [1.3668e+02, 8.6484e+01, 1.5852e+02, 1.3236e+02],
        [3.9859e+01, 1.0408e+02, 8.0858e+01, 1.4048e+02],
        [1.3812e+00, 1.0473e+02, 2.8813e+01, 1.5389e+02],
        [1.1502e+02, 1.8639e+02, 1.8836e+02, 2.2643e+02],
        [8.9405e+01, 2.9342e+01, 1.1495e+02, 7.8763e+01],
        [6.2109e+00, 6.3879e+00, 9.8235e+01, 4.5149e+01],
        [9.7302e+01, 1.9300e-01, 1.4642e+02, 6.4377e+01],
        [7.6113e+01, 5.6918e-01, 1.2058e+02, 7.0531e+01],
        [8.5563e+00, 1.1342e+02, 3.4234e+01, 1.6717e+02],
        [7.5499e+01, 4.5901e+01, 1.6238e+02, 2.0224e+02],
        [5.6328e+01, 6.0399e+01, 7.9469e+01, 1.0004e+02],
        [4.5480e+01, 8.6114e+01, 8.6578e+01, 1.5926e+02],
        [2.5890e+01, 9.9525e+01, 6.6406e+01, 1.3753e+02],
        [1.3784e+02, 6.6974e+01, 1.7630e+02, 1.0234e+02],
        [9.8913e+01, 3.5642e+01, 1.4266e+02, 1.0376e+02],
        [1.1130e+01, 6.5456e+01, 1.7055e+02, 1.9887e+02],
        [9.1180e+01, 3.2283e+01, 1.6442e+02, 7.6812e+01],
        [1.3263e+02, 7.3679e+01, 1.6972e+02, 1.1330e+02],
        [5.3623e+01, 4.1275e+01, 7.4337e+01, 8.9531e+01],
        [4.9261e+01, 1.3277e+02, 7.2433e+01, 1.7183e+02],
        [0.0000e+00, 8.3887e+01, 1.5060e+02, 1.6238e+02],
        [9.4596e+01, 1.2142e+02, 1.1678e+02, 1.6876e+02],
        [1.8947e+01, 2.2984e+00, 1.8907e+02, 4.2219e+01],
        [8.0718e+01, 1.2069e+02, 1.1667e+02, 1.5340e+02],
        [8.2452e+01, 4.6946e+01, 1.6082e+02, 9.0584e+01],
        [1.0144e+02, 7.5868e+01, 1.2715e+02, 1.1942e+02],
        [1.4486e+02, 1.8048e+02, 1.8240e+02, 2.1209e+02],
        [1.9003e+01, 1.8611e+01, 9.8674e+01, 6.3348e+01],
        [2.9990e+00, 9.0987e+01, 7.1960e+01, 1.5408e+02],
        [6.1536e+01, 8.5730e+01, 1.0290e+02, 1.5568e+02],
        [1.4747e+00, 1.2296e+02, 2.7261e+01, 1.7393e+02],
        [0.0000e+00, 5.2898e+01, 9.3959e+01, 2.1279e+02],
        [2.8557e+01, 2.1752e+01, 1.2108e+02, 1.6393e+02],
        [4.4282e+01, 1.4167e+02, 7.8732e+01, 1.7659e+02],
        [9.9463e+01, 1.7290e+02, 1.7280e+02, 2.2847e+02],
        [7.6212e+01, 9.9026e+01, 1.0945e+02, 1.3067e+02],
        [8.2346e+01, 1.6876e+01, 1.6804e+02, 6.2586e+01],
        [1.8497e+01, 1.5053e+00, 1.3987e+02, 2.8332e+01],
        [5.4785e+01, 8.7227e+00, 1.5845e+02, 5.4234e+01],
        [9.0013e+01, 4.1713e+01, 1.6510e+02, 1.2262e+02],
        [1.2296e+02, 1.7813e+00, 1.8596e+02, 2.4202e+01],
        [8.5181e+01, 2.0587e+00, 1.8572e+02, 3.5274e+01],
        [4.7555e+01, 4.6369e-01, 1.7872e+02, 2.3800e+01]]), 'labels': tensor([1, 1, 1, 1, 1, 1, 1, 1, 1, 1, 1, 1, 1, 1, 1, 1, 1, 1, 1, 1, 1, 1, 1, 1,
        1, 1, 1, 1, 1, 1, 1, 1, 1, 1, 1, 1, 1, 1, 1, 1, 1, 1, 1, 1, 1, 1, 1, 1,
        1, 1, 1, 1, 1, 1, 1, 1, 1, 1, 1, 1, 1, 1, 1, 1, 1, 1, 1, 1, 1, 1, 1, 1,
        1, 1, 1, 1, 1, 1, 1, 1, 1, 1, 1, 1, 1, 1, 1, 1, 1, 1, 1, 1, 1, 1, 1, 1,
        1, 1, 1, 1]), 'scores': tensor([0.2601, 0.2541, 0.2398, 0.2385, 0.2283, 0.2223, 0.2203, 0.2147, 0.2045,
        0.1859, 0.1856, 0.1695, 0.1691, 0.1679, 0.1657, 0.1621, 0.1590, 0.1581,
        0.1505, 0.1485, 0.1451, 0.1443, 0.1424, 0.1410, 0.1409, 0.1366, 0.1353,
        0.1341, 0.1329, 0.1313, 0.1313, 0.1301, 0.1290, 0.1285, 0.1276, 0.1260,
        0.1253, 0.1229, 0.1228, 0.1224, 0.1211, 0.1161, 0.1157, 0.1151, 0.1146,
        0.1129, 0.1126, 0.1115, 0.1114, 0.1102, 0.1100, 0.1087, 0.1081, 0.1064,
        0.1061, 0.1057, 0.1047, 0.1045, 0.1017, 0.0962, 0.0959, 0.0950, 0.0938,
        0.0919, 0.0893, 0.0880, 0.0871, 0.0866, 0.0850, 0.0844, 0.0843, 0.0818,
        0.0801, 0.0798, 0.0747, 0.0745, 0.0737, 0.0729, 0.0723, 0.0719, 0.0709,
        0.0705, 0.0697, 0.0685, 0.0680, 0.0679, 0.0650, 0.0637, 0.0632, 0.0630,
        0.0616, 0.0613, 0.0613, 0.0604, 0.0599, 0.0598, 0.0596, 0.0591, 0.0558,
        0.0540])}]
2025-04-23 23:10:40,002 - INFO - Loading Data for index 11
2025-04-23 23:10:40,002 - INFO - Image Path : artifacts/raw/Images\109.jpeg
2025-04-23 23:10:40,018 - INFO - Loading Data for index 14
2025-04-23 23:10:40,019 - INFO - Image Path : artifacts/raw/Images\111.jpeg
2025-04-23 23:10:40,032 - INFO - Loading Data for index 1
2025-04-23 23:10:40,032 - INFO - Image Path : artifacts/raw/Images\10.jpeg
2025-04-23 23:10:53,650 - INFO - <class 'list'>
2025-04-23 23:10:53,664 - INFO - VAL_LOSS : [{'boxes': tensor([[ 77.7350,  48.4323, 134.0994,  74.9476],
        [ 16.2247, 163.1324,  80.4424, 194.9174],
        [  0.4768, 144.7603,  58.2481, 173.2859],
        [  4.7814, 143.6422,  89.6515, 191.8701],
        [ 88.7087,  53.3893, 153.7218,  80.5033],
        [ 13.0862, 140.3579,  49.0457, 191.3352],
        [ 46.3711, 157.5068,  85.7670, 200.9368],
        [106.2368,  45.7091, 132.2171,  84.4074],
        [  0.0000,  17.1378, 208.1934,  95.0985],
        [158.7729, 134.2697, 214.5981, 164.0439],
        [ 74.5046, 160.3658, 105.0145, 208.0760],
        [ 40.0667, 151.7147,  73.0354, 208.7659],
        [ 33.9363, 154.8978,  90.4600, 181.7408],
        [163.3871, 140.9598, 193.9268, 197.0752],
        [ 25.9840, 143.1487,  59.1858, 200.5238],
        [ 26.5255, 154.7278,  92.2170, 215.8578],
        [ 72.8851, 139.7957, 104.1909, 192.0558],
        [ 31.0679, 159.8064, 102.5116, 192.1051],
        [ 84.6952,  37.5315, 147.1005,  68.2531],
        [ 66.8314, 165.4167, 118.2028, 195.7480],
        [104.9992,  40.0533, 141.5993,  73.9315],
        [  6.8955, 136.0329,  39.5939, 181.5247],
        [ 51.8106, 165.1843,  80.5749, 216.4333],
        [101.9191,  30.5760, 128.2655,  80.0068],
        [168.2141, 129.0614, 199.0839, 178.4806],
        [ 62.9257, 160.0609,  86.3267, 216.6740],
        [ 64.2504, 133.7811, 102.0594, 172.8583],
        [ 60.4239, 177.6776, 119.6310, 208.9480],
        [ 25.5619, 141.5712,  77.0350, 179.8188],
        [114.7356,  46.8689, 151.3409,  79.7390],
        [ 54.0883, 147.4214,  94.7294, 186.8710],
        [158.4313, 181.3411, 190.3594, 219.1943],
        [ 87.9309,  34.6430, 116.5497,  83.8040],
        [ 67.5276, 132.1319, 122.0478, 159.5791],
        [ 53.5638, 158.4347, 119.9950, 220.4280],
        [141.5282,  27.2388, 213.8743,  53.9897],
        [100.3139,  14.4212, 205.8696, 184.3604],
        [  6.6765, 134.5446,  68.3375, 216.7452],
        [ 65.2691, 154.4105,  94.0546, 203.1108],
        [107.2152,  49.1999, 177.1222,  77.1417],
        [ 66.6702,  42.5976, 168.4900,  83.7971],
        [ 70.7468, 125.9224, 116.4148, 206.1115],
        [130.0472,  34.6857, 170.5585,  67.9940],
        [155.9092, 141.8183, 199.2514, 225.0000],
        [157.9528, 154.0127, 186.8724, 211.7058],
        [ 24.6733,  12.1767, 225.0000, 160.5274],
        [158.5052, 136.5404, 184.7739, 186.8410],
        [137.7904,  37.1701, 165.6431,  81.5566],
        [ 86.5749, 159.7411, 114.0536, 204.8130],
        [ 73.7336, 135.9152, 117.4226, 177.5579],
        [175.0503,  10.3683, 206.9393,  62.4620],
        [  1.0729,  10.9353, 142.1683, 203.7114],
        [171.6400,  32.0008, 222.0610,  58.4033],
        [  0.8585,  32.2121, 132.5832,  76.3430],
        [ 61.1693,  29.1515, 145.8962,  98.8003],
        [  2.2997, 136.3699,  75.2168, 168.1399],
        [  0.0000,  14.7075, 112.5070,  58.1558],
        [  0.0000, 124.7626, 121.4813, 225.0000],
        [146.2847,  31.1020, 175.0072,  78.3037],
        [150.4698, 155.6502, 194.8233, 179.9550],
        [ 54.2225, 138.0838,  79.5484, 182.8518],
        [136.1069,  16.6676, 210.7227,  46.8331],
        [ 78.3897,  28.3134, 155.6320,  55.1599],
        [ 40.6752, 130.9532, 122.8107, 176.7687],
        [ 52.4959,  31.1505, 156.9889, 221.3202],
        [119.2340,  22.4535, 223.3633,  69.8127],
        [176.4232, 130.9231, 225.0000, 153.9879]]), 'labels': tensor([1, 1, 1, 1, 1, 1, 1, 1, 1, 1, 1, 1, 1, 1, 1, 1, 1, 1, 1, 1, 1, 1, 1, 1,
        1, 1, 1, 1, 1, 1, 1, 1, 1, 1, 1, 1, 1, 1, 1, 1, 1, 1, 1, 1, 1, 1, 1, 1,
        1, 1, 1, 1, 1, 1, 1, 1, 1, 1, 1, 1, 1, 1, 1, 1, 1, 1, 1]), 'scores': tensor([0.2318, 0.1942, 0.1940, 0.1800, 0.1744, 0.1566, 0.1563, 0.1511, 0.1508,
        0.1441, 0.1417, 0.1400, 0.1381, 0.1355, 0.1350, 0.1346, 0.1324, 0.1303,
        0.1245, 0.1219, 0.1191, 0.1177, 0.1090, 0.1090, 0.1076, 0.1073, 0.1041,
        0.0989, 0.0988, 0.0977, 0.0966, 0.0946, 0.0942, 0.0902, 0.0888, 0.0887,
        0.0887, 0.0872, 0.0846, 0.0839, 0.0837, 0.0810, 0.0777, 0.0776, 0.0771,
        0.0770, 0.0715, 0.0706, 0.0687, 0.0686, 0.0659, 0.0654, 0.0646, 0.0645,
        0.0640, 0.0639, 0.0628, 0.0614, 0.0608, 0.0598, 0.0586, 0.0559, 0.0556,
        0.0542, 0.0517, 0.0507, 0.0506])}, {'boxes': tensor([[216.0890,   3.9596, 267.6935,  24.7330],
        [ 97.4068,  76.3623, 124.3992, 122.1733],
        [ 18.5379,  79.4348,  56.7646, 123.0385],
        [ 81.3322,  75.5433, 128.9352, 103.4446],
        [ 76.6961,  82.2293, 117.8040, 121.8781],
        [ 76.9233, 104.5483, 120.5893, 130.0348],
        [ 83.8051,  84.3826, 133.1813, 111.5372],
        [ 13.8794,  62.6692,  45.1581,  99.9677],
        [ 85.2224,  70.6889, 116.0272, 113.5402],
        [217.7855,   0.6304, 269.7783,  15.2562],
        [ 90.9358,  86.5417, 119.7761, 131.3776],
        [ 29.2957,  94.1623,  62.4834, 130.6451],
        [ 98.7393, 100.8431, 121.3624, 146.5187],
        [ 80.1201,  95.1412, 130.1334, 124.1735],
        [ 18.7074,  96.3838,  54.7240, 136.1687],
        [ 81.0454, 108.6855, 118.0315, 146.7506],
        [ 75.6221,  87.2075, 115.2481, 159.5533],
        [  6.8141,  78.3350,  55.1431, 104.3596],
        [  3.8038,   2.8257,  46.8453,  19.2729],
        [ 70.9666,  76.7934, 107.9162, 112.2270],
        [ 15.8625,  84.9464,  43.0017, 132.9998],
        [ 89.2426, 115.1324, 123.6111, 153.9070],
        [ 69.8801,  72.9440, 114.8039,  96.8168],
        [ 95.6979,  69.3386, 126.0683,  95.7826],
        [ 80.4515,  90.3034, 108.6023, 135.0509],
        [ 56.1153, 136.1973, 101.2477, 157.7314],
        [ 84.5281,  76.6348, 129.0858, 145.5355],
        [ 70.0479,  76.2136, 136.3632, 116.7465],
        [107.0587, 109.9213, 124.1435, 151.7965],
        [ 75.9350,  70.2810,  98.8611, 106.4128],
        [ 36.1080,  80.0310,  61.3619, 124.0513],
        [ 15.1501,  54.5577,  35.4576,  89.7210],
        [  2.8908,  80.1262,  45.7730, 117.6374],
        [101.9412, 120.8404, 123.1920, 160.9339],
        [104.1422,  92.1308, 128.1108, 141.0247],
        [143.2629,  54.6243, 235.8748, 183.0000],
        [  6.4463,  65.7007,  53.9207, 139.4308],
        [194.1270,   1.5000, 255.0011,  20.8387],
        [ 15.6507,  86.1004,  55.3823, 159.5279],
        [ 18.2502,  62.6695, 231.5784, 151.2369],
        [ 80.1142, 110.0052, 102.0633, 152.5823],
        [131.2093, 103.0424, 235.5229, 145.8308],
        [ 78.9899, 121.4674, 111.9721, 155.5120],
        [ 64.5385,  89.0074, 138.5347, 132.0020],
        [158.8882,   9.6691, 240.7547, 156.5992],
        [160.9189,  67.3181, 215.9251,  88.2650],
        [ 65.4350,  80.4040, 271.0269, 162.4909],
        [  3.5663,  88.4083,  78.0874, 131.9888],
        [143.1997, 106.2212, 202.2943, 128.7208],
        [ 48.8112,  54.4607, 151.4626, 161.1716],
        [141.8813, 102.3934, 180.0410, 133.8956],
        [ 87.8816, 102.6898, 126.6474, 172.7219],
        [  5.6018,  70.0870,  73.1838, 112.4027],
        [ 71.8784, 106.5162, 105.3906, 141.0694],
        [101.8160,  72.0613, 137.3581, 148.7436],
        [128.5383, 122.4224, 239.6262, 156.1977],
        [113.8604,   6.2103, 209.9902, 162.9412],
        [ 34.9776,   8.8599, 252.2169, 162.9094],
        [153.9603,  62.3177, 230.1378, 100.4520],
        [ 19.3231, 103.2984,  45.9761, 151.3739]]), 'labels': tensor([1, 1, 1, 1, 1, 1, 1, 1, 1, 1, 1, 1, 1, 1, 1, 1, 1, 1, 1, 1, 1, 1, 1, 1,
        1, 1, 1, 1, 1, 1, 1, 1, 1, 1, 1, 1, 1, 1, 1, 1, 1, 1, 1, 1, 1, 1, 1, 1,
        1, 1, 1, 1, 1, 1, 1, 1, 1, 1, 1, 1]), 'scores': tensor([0.1932, 0.1683, 0.1628, 0.1627, 0.1556, 0.1439, 0.1381, 0.1369, 0.1339,
        0.1298, 0.1240, 0.1238, 0.1227, 0.1195, 0.1188, 0.1178, 0.1168, 0.1162,
        0.1147, 0.1134, 0.1103, 0.1080, 0.1074, 0.1039, 0.1023, 0.1012, 0.0991,
        0.0962, 0.0904, 0.0898, 0.0897, 0.0846, 0.0827, 0.0822, 0.0800, 0.0767,
        0.0764, 0.0760, 0.0760, 0.0738, 0.0735, 0.0730, 0.0728, 0.0725, 0.0716,
        0.0700, 0.0676, 0.0669, 0.0658, 0.0642, 0.0629, 0.0601, 0.0565, 0.0563,
        0.0556, 0.0545, 0.0539, 0.0536, 0.0527, 0.0525])}, {'boxes': tensor([[118.0918, 132.7348, 163.4311, 156.1125],
        [115.5790, 134.5961, 144.4895, 165.9282],
        [ 80.2618,  83.0517, 105.3724, 126.7449],
        [ 67.5540, 109.5783, 102.9197, 147.0858],
        [  0.0000, 237.5133,  46.8109, 261.1158],
        [ 56.6729,  91.1091,  97.9536, 123.9486],
        [ 51.8740,  87.1634, 108.6816, 111.0170],
        [ 44.0503,  94.2905,  76.6885, 127.8507],
        [ 86.0393,  57.8250, 127.4141,  93.5548],
        [ 45.6539, 101.1403,  67.6171, 140.7987],
        [  0.0000, 210.5992, 157.8415, 283.1358],
        [121.2966, 138.0824, 143.5089, 187.9212],
        [126.2161, 126.7701, 152.9288, 163.1877],
        [ 40.7995, 116.3623,  76.1842, 147.9468],
        [ 34.1299,  97.3633,  67.4578, 131.9065],
        [ 18.4532,  15.8407,  42.7713,  61.4875],
        [ 44.4084,  92.3156, 127.8204, 227.8569],
        [  7.0335, 232.2379,  33.7163, 273.1124],
        [128.7021, 130.3195, 165.1622, 148.0983],
        [ 41.7439,  89.9545, 119.6189, 129.3564],
        [  8.6926,  83.7085, 162.1282, 154.0760],
        [105.2446,  41.7543, 155.3805,  65.7579],
        [ 10.3825,  23.1112,  37.1600,  68.2944],
        [ 60.1380, 118.5758,  97.1652, 153.1377],
        [123.3803, 177.5768, 149.8025, 222.2888],
        [ 31.1042, 205.0076,  65.1094, 235.0276],
        [121.3464, 135.0209, 158.4852, 171.6147],
        [ 99.4365,  50.1716, 135.3171,  83.5456],
        [ 37.9468,  85.9841,  70.2250, 117.7372],
        [ 55.5579,  83.2337, 103.6714, 154.2989],
        [  0.0000,  62.5570, 139.3805, 188.3812],
        [ 10.7714,  16.4590,  57.5689,  41.4768],
        [129.1941, 136.6729, 150.0293, 188.9875],
        [118.7884, 215.8872, 152.9815, 245.7835],
        [ 12.2989, 212.0846,  52.6404, 243.3546],
        [  9.1930, 209.7265,  62.6591, 231.8118],
        [ 88.5652, 208.5916, 111.3859, 245.0036],
        [ 69.4711,  67.1248, 159.0688, 198.3023],
        [ 96.8998, 204.4111, 131.4604, 235.7153],
        [ 57.6614,  38.6453, 143.6107, 170.9131],
        [  1.3532, 208.2736,  71.0293, 264.2652],
        [112.4819, 206.6227, 139.2703, 233.8428],
        [120.9147, 190.5728, 143.6674, 231.8305],
        [ 41.4079, 102.2529, 115.8509, 143.4765],
        [ 96.6693, 202.3204, 143.8505, 224.8325],
        [ 27.2720,  26.5014, 114.5230, 162.1586],
        [ 45.1077, 122.1306,  85.1582, 158.2693],
        [ 35.2070,  72.7024,  56.9114, 116.9478],
        [112.3609,  34.5898, 137.8168,  76.4639],
        [ 75.7790,  57.4487, 140.6872, 112.6075],
        [110.2068, 122.2671, 166.6976, 160.0853],
        [113.6710, 140.5910, 136.6883, 190.1909],
        [  0.0000, 184.0844, 168.0000, 259.3948],
        [ 56.5320, 116.4181, 145.6013, 264.2243],
        [ 40.1333,  91.2080,  89.5658, 168.3493],
        [ 39.4602, 153.6363, 129.4940, 291.2805],
        [ 79.9936, 116.7778, 103.9269, 153.4863],
        [129.3971, 167.0006, 150.9458, 207.2953],
        [ 34.7202, 116.4368, 113.4610, 157.3914],
        [ 45.8096, 197.6185,  68.5921, 232.8259],
        [  0.0000,  37.2521, 129.8707, 114.0858],
        [ 49.8199, 209.7102, 120.8123, 267.5431],
        [  0.0000, 233.8252,  88.3989, 270.4921],
        [  9.2183, 212.5141, 110.0943, 251.5580],
        [ 12.8553, 182.4209,  35.1281, 220.3695],
        [  0.0000,  27.5740,  86.7169, 168.6256],
        [ 87.4680, 198.5915, 121.9358, 229.7610],
        [ 70.1032, 125.1074, 102.4965, 159.7783],
        [ 89.3104,  43.7071, 153.3308, 102.0030],
        [ 11.7398, 162.1543, 100.7497, 300.0000],
        [126.3912,  19.2973, 152.4792,  60.0707],
        [117.3946,  86.7630, 157.4161, 121.7024],
        [101.0048,  68.8522, 166.8808, 107.0212],
        [ 45.6749,  31.0914,  85.2155,  70.7173],
        [ 75.2664,  83.9190, 119.4450, 150.2430],
        [  0.0000, 147.6395, 153.4577, 230.5011],
        [109.8154,  28.3495, 148.8369,  59.8509],
        [  0.0000, 229.7921,  48.7438, 277.4866],
        [  4.8468,  12.7194,  44.2079,  47.5411],
        [103.6291, 136.7923, 125.4425, 184.6887],
        [120.1739,  40.8182, 162.8714,  75.0984],
        [ 60.9427,  48.8944,  86.0122,  79.3503],
        [  1.8407, 199.4496,  84.3361, 238.3970],
        [  0.0000, 122.5349, 168.0000, 197.8919],
        [ 47.8114,  79.4803, 133.2081, 117.7549],
        [121.0747, 205.5895, 157.3440, 237.5246],
        [ 10.6909, 175.3377,  44.2107, 207.7038],
        [ 61.4802, 204.7816, 153.0524, 244.8684],
        [  6.0201,  35.4883,  34.4657,  83.6704],
        [ 13.3612, 225.1355, 114.3511, 265.0412],
        [ 31.3975, 199.8815,  83.3849, 274.8378],
        [ 81.9792, 194.3984, 129.9089, 270.2352],
        [ 56.6965, 216.1012, 157.2984, 259.1485],
        [ 42.0870,  32.8561, 168.0000, 115.7734],
        [122.4391,  31.1266, 160.6272,  63.3127],
        [ 26.9691,  80.6684,  90.6486, 136.8191],
        [114.9573, 170.4079, 147.3858, 203.1245],
        [ 98.8057,  33.0278, 167.2691,  72.1500],
        [ 30.8172,  56.9954,  49.1846, 106.6405],
        [  0.0000,  26.1404,  51.9692,  78.7414]]), 'labels': tensor([1, 1, 1, 1, 1, 1, 1, 1, 1, 1, 1, 1, 1, 1, 1, 1, 1, 1, 1, 1, 1, 1, 1, 1,
        1, 1, 1, 1, 1, 1, 1, 1, 1, 1, 1, 1, 1, 1, 1, 1, 1, 1, 1, 1, 1, 1, 1, 1,
        1, 1, 1, 1, 1, 1, 1, 1, 1, 1, 1, 1, 1, 1, 1, 1, 1, 1, 1, 1, 1, 1, 1, 1,
        1, 1, 1, 1, 1, 1, 1, 1, 1, 1, 1, 1, 1, 1, 1, 1, 1, 1, 1, 1, 1, 1, 1, 1,
        1, 1, 1, 1]), 'scores': tensor([0.2157, 0.1937, 0.1865, 0.1794, 0.1655, 0.1588, 0.1570, 0.1535, 0.1524,
        0.1513, 0.1507, 0.1437, 0.1409, 0.1398, 0.1334, 0.1330, 0.1318, 0.1309,
        0.1290, 0.1289, 0.1285, 0.1285, 0.1279, 0.1277, 0.1251, 0.1214, 0.1200,
        0.1170, 0.1154, 0.1148, 0.1125, 0.1124, 0.1122, 0.1120, 0.1116, 0.1112,
        0.1110, 0.1088, 0.1086, 0.1033, 0.1026, 0.1009, 0.1009, 0.0984, 0.0974,
        0.0964, 0.0961, 0.0948, 0.0916, 0.0906, 0.0891, 0.0882, 0.0868, 0.0866,
        0.0864, 0.0853, 0.0853, 0.0837, 0.0824, 0.0799, 0.0789, 0.0785, 0.0785,
        0.0779, 0.0778, 0.0773, 0.0765, 0.0763, 0.0759, 0.0757, 0.0757, 0.0756,
        0.0746, 0.0743, 0.0742, 0.0736, 0.0734, 0.0702, 0.0692, 0.0689, 0.0686,
        0.0683, 0.0681, 0.0672, 0.0669, 0.0661, 0.0660, 0.0645, 0.0642, 0.0641,
        0.0627, 0.0623, 0.0618, 0.0610, 0.0595, 0.0570, 0.0566, 0.0565, 0.0561,
        0.0559])}]
2025-04-23 23:10:53,909 - INFO - Model saved sucesfuly...
2025-04-23 23:23:02,253 - INFO - Created the artifacts\raw
2025-04-23 23:23:07,462 - INFO - Download the data from C:\Users\madhu\.cache\kagglehub\datasets\issaisasank\guns-object-detection\versions\1
2025-04-23 23:23:09,384 - INFO - Images moved sucesfully..
2025-04-23 23:23:11,264 - INFO - Labels moved sucesfully..
2025-04-23 23:23:17,602 - INFO - Model Architecture intialized...
2025-04-23 23:23:17,603 - INFO - Model Moved to device
2025-04-23 23:23:17,603 - INFO - Optimizer has been initialized..
2025-04-23 23:23:17,603 - INFO - Data Processing Initialized...
2025-04-23 23:23:17,604 - INFO - Data splitted sucesfuly...
2025-04-23 23:23:17,604 - INFO - Starting epoch 0
2025-04-23 23:23:17,604 - INFO - Loading Data for index 13
2025-04-23 23:23:17,604 - INFO - Image Path : artifacts/raw/Images\110.jpeg
2025-04-23 23:23:17,606 - INFO - Loading Data for index 17
2025-04-23 23:23:17,606 - INFO - Image Path : artifacts/raw/Images\114.jpeg
2025-04-23 23:23:17,606 - INFO - Loading Data for index 26
2025-04-23 23:23:17,607 - INFO - Image Path : artifacts/raw/Images\122.jpeg
2025-04-23 23:23:39,357 - INFO - Loading Data for index 4
2025-04-23 23:23:39,358 - INFO - Image Path : artifacts/raw/Images\102.jpeg
2025-04-23 23:23:39,359 - INFO - Loading Data for index 11
2025-04-23 23:23:39,359 - INFO - Image Path : artifacts/raw/Images\109.jpeg
2025-04-23 23:23:39,360 - INFO - Loading Data for index 5
2025-04-23 23:23:39,360 - INFO - Image Path : artifacts/raw/Images\103.jpeg
2025-04-23 23:24:00,117 - INFO - Loading Data for index 25
2025-04-23 23:24:00,118 - INFO - Image Path : artifacts/raw/Images\121.jpeg
2025-04-23 23:24:00,119 - INFO - Loading Data for index 24
2025-04-23 23:24:00,119 - INFO - Image Path : artifacts/raw/Images\120.jpeg
2025-04-23 23:24:00,121 - INFO - Loading Data for index 3
2025-04-23 23:24:00,121 - INFO - Image Path : artifacts/raw/Images\101.jpeg
2025-04-23 23:24:22,814 - INFO - Loading Data for index 20
2025-04-23 23:24:22,815 - INFO - Image Path : artifacts/raw/Images\117.jpeg
2025-04-23 23:24:22,817 - INFO - Loading Data for index 6
2025-04-23 23:24:22,817 - INFO - Image Path : artifacts/raw/Images\104.jpeg
2025-04-23 23:24:22,818 - INFO - Loading Data for index 14
2025-04-23 23:24:22,818 - INFO - Image Path : artifacts/raw/Images\111.jpeg
2025-04-23 23:24:45,075 - INFO - Loading Data for index 23
2025-04-23 23:24:45,075 - INFO - Image Path : artifacts/raw/Images\12.jpeg
2025-04-23 23:24:45,077 - INFO - Loading Data for index 7
2025-04-23 23:24:45,077 - INFO - Image Path : artifacts/raw/Images\105.jpeg
2025-04-23 23:24:45,078 - INFO - Loading Data for index 21
2025-04-23 23:24:45,078 - INFO - Image Path : artifacts/raw/Images\118.jpeg
2025-04-23 23:25:05,900 - INFO - Loading Data for index 18
2025-04-23 23:25:05,900 - INFO - Image Path : artifacts/raw/Images\115.jpeg
2025-04-23 23:25:05,902 - INFO - Loading Data for index 10
2025-04-23 23:25:05,902 - INFO - Image Path : artifacts/raw/Images\108.jpeg
2025-04-23 23:25:05,903 - INFO - Loading Data for index 1
2025-04-23 23:25:05,903 - INFO - Image Path : artifacts/raw/Images\10.jpeg
2025-04-23 23:25:36,609 - INFO - Loading Data for index 2
2025-04-23 23:25:36,609 - INFO - Image Path : artifacts/raw/Images\100.jpeg
2025-04-23 23:25:36,611 - INFO - Loading Data for index 8
2025-04-23 23:25:36,612 - INFO - Image Path : artifacts/raw/Images\106.jpeg
2025-04-23 23:25:36,612 - INFO - Loading Data for index 27
2025-04-23 23:25:36,613 - INFO - Image Path : artifacts/raw/Images\123.jpeg
2025-04-23 23:25:58,371 - INFO - Loading Data for index 19
2025-04-23 23:25:58,371 - INFO - Image Path : artifacts/raw/Images\116.jpeg
2025-04-23 23:25:58,373 - INFO - Loading Data for index 16
2025-04-23 23:25:58,373 - INFO - Image Path : artifacts/raw/Images\113.jpeg
2025-04-23 23:25:58,375 - INFO - Loading Data for index 29
2025-04-23 23:25:58,375 - INFO - Image Path : artifacts/raw/Images\125.jpeg
2025-04-23 23:26:20,533 - INFO - Loading Data for index 9
2025-04-23 23:26:20,533 - INFO - Image Path : artifacts/raw/Images\107.jpeg
2025-04-23 23:26:20,535 - INFO - Loading Data for index 22
2025-04-23 23:26:20,536 - INFO - Image Path : artifacts/raw/Images\119.jpeg
2025-04-23 23:26:20,537 - INFO - Loading Data for index 12
2025-04-23 23:26:20,537 - INFO - Image Path : artifacts/raw/Images\11.jpeg
2025-04-23 23:26:29,686 - INFO - <class 'list'>
2025-04-23 23:26:29,696 - INFO - VAL_LOSS : [{'boxes': tensor([[ 56.7390,   5.1986, 149.2697, 132.0855],
        [ 34.7443,  28.3344, 207.4247, 111.8606],
        [111.8286,  10.4229, 196.1585, 142.8427],
        [  1.8575,  45.5684, 154.0975, 121.5620],
        [ 45.0746,  57.4056, 215.3962, 140.7163],
        [ 82.4357,  32.6848, 174.6748, 160.8441],
        [  8.1769,   9.3665, 174.2920,  84.4518],
        [ 99.1188,  15.8749, 267.0093, 100.1626],
        [ 30.5501,  44.9145, 120.9111, 163.1438],
        [142.9120,   7.3609, 229.2844, 146.8923],
        [  8.7744,  28.5183, 185.2267, 166.2786],
        [143.4303,  33.9798, 202.0423,  82.7249],
        [  0.0000,   6.4105, 110.4626, 116.0205],
        [ 95.3923,  53.9891, 272.3624, 143.8800],
        [ 53.9147,   2.0003, 209.1326,  72.2156]]), 'labels': tensor([1, 1, 1, 1, 1, 1, 1, 1, 1, 1, 1, 1, 1, 1, 1]), 'scores': tensor([0.1142, 0.1123, 0.0982, 0.0978, 0.0916, 0.0907, 0.0772, 0.0762, 0.0700,
        0.0677, 0.0674, 0.0643, 0.0595, 0.0590, 0.0549])}, {'boxes': tensor([[6.0504e+01, 2.7977e+00, 1.8480e+02, 1.1193e+02],
        [8.9492e+01, 1.6565e+01, 2.1624e+02, 1.2586e+02],
        [8.3652e+01, 6.9194e+01, 1.5177e+02, 1.2411e+02],
        [7.2725e+01, 1.0460e+01, 1.3854e+02, 5.7429e+01],
        [5.7436e+01, 7.8524e+01, 1.3219e+02, 1.1414e+02],
        [6.1323e+00, 8.6182e+01, 9.0740e+01, 1.2297e+02],
        [3.8174e+01, 6.7735e+01, 1.8942e+02, 1.3900e+02],
        [7.8897e+01, 1.9389e+01, 1.2658e+02, 8.6636e+01],
        [1.2837e+02, 1.0240e+01, 1.9264e+02, 6.5514e+01],
        [1.4499e+01, 7.6028e+01, 1.0448e+02, 1.0712e+02],
        [2.4594e+00, 7.9530e+01, 5.7333e+01, 1.2997e+02],
        [1.2424e+02, 5.7064e+00, 1.9628e+02, 4.2167e+01],
        [8.0194e+01, 6.4206e+01, 1.5343e+02, 1.0026e+02],
        [7.2557e+01, 2.3808e+01, 1.5609e+02, 1.6008e+02],
        [1.7873e+02, 1.6187e+01, 2.5804e+02, 5.6384e+01],
        [1.2394e+02, 1.9143e+01, 1.7293e+02, 8.6942e+01],
        [1.2772e+02, 2.4434e+00, 2.4471e+02, 1.0345e+02],
        [5.5703e+01, 9.2136e+01, 1.3185e+02, 1.3071e+02],
        [6.6528e+01, 2.5376e+00, 1.7241e+02, 6.5031e+01],
        [8.5648e+01, 1.6899e+01, 1.5380e+02, 7.2147e+01],
        [3.3984e+01, 7.8239e+01, 1.0023e+02, 1.3101e+02],
        [1.5005e+02, 1.7865e+01, 2.3412e+02, 5.7047e+01],
        [1.8530e+01, 1.3124e+01, 1.4871e+02, 1.3474e+02],
        [1.5128e+02, 1.2556e+01, 1.9469e+02, 8.2706e+01],
        [6.8341e+01, 7.8019e+01, 2.2177e+02, 1.5282e+02],
        [1.5829e+02, 8.6030e+00, 2.4445e+02, 4.2387e+01],
        [1.0368e+02, 3.9286e+01, 1.8156e+02, 7.7778e+01],
        [1.1708e+02, 3.6776e+01, 1.6163e+02, 9.9346e+01],
        [1.1670e+02, 5.0444e+01, 1.9171e+02, 9.2769e+01],
        [0.0000e+00, 6.3930e+01, 1.3509e+02, 1.2891e+02],
        [1.3307e+02, 3.9678e+01, 1.7903e+02, 1.0517e+02],
        [1.0177e+02, 4.1337e+01, 1.4592e+02, 1.0771e+02],
        [1.0041e+02, 7.5784e+01, 2.0018e+02, 1.1495e+02],
        [1.2824e+01, 6.5694e+01, 7.8957e+01, 1.1677e+02],
        [6.6212e+01, 5.7626e+01, 1.2418e+02, 1.0761e+02],
        [0.0000e+00, 8.8410e+01, 1.5010e+02, 1.6500e+02],
        [1.7487e+02, 2.8238e+00, 2.6016e+02, 1.2941e+02],
        [1.2338e+02, 6.1215e+01, 1.8546e+02, 1.1446e+02],
        [1.2013e+02, 4.0639e+01, 2.0276e+02, 1.6500e+02],
        [4.9734e+01, 6.5444e+01, 1.0759e+02, 1.1549e+02],
        [8.8798e+01, 8.1851e+00, 1.7257e+02, 4.1717e+01],
        [7.0222e+01, 3.5421e+01, 1.3979e+02, 7.8065e+01],
        [1.8582e+02, 2.1060e+01, 2.5201e+02, 7.8873e+01],
        [1.1003e+02, 7.6575e+01, 1.6978e+02, 1.3103e+02],
        [9.9083e+01, 2.2933e+00, 2.1108e+02, 8.1775e+01],
        [7.8879e+01, 9.0622e+01, 1.4029e+02, 1.4422e+02],
        [1.2919e+02, 6.2234e+01, 2.1584e+02, 1.0028e+02],
        [6.8863e+01, 2.5152e+01, 1.0992e+02, 9.5451e+01],
        [1.4288e+02, 7.5991e+00, 2.8891e+02, 8.1615e+01],
        [1.5947e+00, 3.9174e+01, 1.0399e+02, 1.5108e+02],
        [9.6657e+01, 3.2951e+01, 1.5545e+02, 8.7022e+01],
        [9.4341e+01, 5.4394e+01, 1.6605e+02, 9.3320e+01],
        [9.0445e+01, 2.4669e-01, 2.5322e+02, 5.3970e+01],
        [1.8260e+02, 2.6209e+01, 2.2772e+02, 9.4686e+01],
        [1.3281e+02, 8.2224e+01, 2.2363e+02, 1.2230e+02]]), 'labels': tensor([1, 1, 1, 1, 1, 1, 1, 1, 1, 1, 1, 1, 1, 1, 1, 1, 1, 1, 1, 1, 1, 1, 1, 1,
        1, 1, 1, 1, 1, 1, 1, 1, 1, 1, 1, 1, 1, 1, 1, 1, 1, 1, 1, 1, 1, 1, 1, 1,
        1, 1, 1, 1, 1, 1, 1]), 'scores': tensor([0.1680, 0.1467, 0.1193, 0.1187, 0.1169, 0.1121, 0.1110, 0.1099, 0.1080,
        0.1062, 0.1044, 0.1040, 0.0981, 0.0961, 0.0942, 0.0928, 0.0927, 0.0916,
        0.0910, 0.0906, 0.0889, 0.0863, 0.0843, 0.0836, 0.0835, 0.0831, 0.0814,
        0.0810, 0.0801, 0.0788, 0.0779, 0.0755, 0.0754, 0.0744, 0.0721, 0.0719,
        0.0709, 0.0696, 0.0696, 0.0692, 0.0658, 0.0652, 0.0652, 0.0643, 0.0636,
        0.0631, 0.0625, 0.0622, 0.0606, 0.0595, 0.0573, 0.0562, 0.0550, 0.0545,
        0.0510])}, {'boxes': tensor([[ 39.9519,   4.1950, 138.1152, 123.1474],
        [  0.0000,  26.2200, 163.4828, 110.6920],
        [ 58.0327,  63.2384, 213.3306, 138.0270],
        [  0.0000,   2.4959, 149.2173,  84.2538],
        [ 98.7845,   5.0129, 185.9183, 123.4345],
        [ 69.8333,  31.2047, 232.9958, 114.2711],
        [123.3534,  55.1676, 283.9738, 140.4044],
        [127.7338,   4.9327, 216.2142, 124.0135],
        [157.9095,  14.2554, 244.6443, 155.4388],
        [ 73.3115,  36.1409, 168.6250, 167.3245],
        [  0.0000,   9.6953,  89.3737, 129.5825],
        [106.9725,  44.8151, 230.6208, 156.7186],
        [186.2339,  18.5533, 271.3851, 151.9104],
        [115.0772,  11.4070, 278.4168, 100.6443],
        [162.5779,  75.8143, 299.0000, 154.1064],
        [159.8544,  31.2623, 297.6840, 117.0704],
        [118.9396,  88.6124, 268.1726, 164.5855],
        [242.7482,  21.3209, 276.9475,  96.8246],
        [ 73.0781,  67.3345, 166.1823, 106.2122],
        [ 24.0981,  23.2010, 123.0752, 164.1363],
        [107.8035,  52.2824, 177.1322, 107.6178],
        [119.9647,  61.9782, 166.1288, 128.5456]]), 'labels': tensor([1, 1, 1, 1, 1, 1, 1, 1, 1, 1, 1, 1, 1, 1, 1, 1, 1, 1, 1, 1, 1, 1]), 'scores': tensor([0.1216, 0.1073, 0.1012, 0.1005, 0.0945, 0.0939, 0.0938, 0.0880, 0.0826,
        0.0811, 0.0803, 0.0759, 0.0675, 0.0624, 0.0581, 0.0578, 0.0571, 0.0570,
        0.0568, 0.0554, 0.0533, 0.0529])}]
2025-04-23 23:26:29,696 - INFO - Loading Data for index 0
2025-04-23 23:26:29,696 - INFO - Image Path : artifacts/raw/Images\1.jpeg
2025-04-23 23:26:29,698 - INFO - Loading Data for index 15
2025-04-23 23:26:29,698 - INFO - Image Path : artifacts/raw/Images\112.jpeg
2025-04-23 23:26:29,699 - INFO - Loading Data for index 28
2025-04-23 23:26:29,699 - INFO - Image Path : artifacts/raw/Images\124.jpeg
2025-04-23 23:26:39,667 - INFO - <class 'list'>
2025-04-23 23:26:39,676 - INFO - VAL_LOSS : [{'boxes': tensor([[1.3310e+02, 1.9367e+01, 3.0283e+02, 1.0947e+02],
        [4.4134e+01, 2.4026e+01, 2.0704e+02, 1.0910e+02],
        [8.0891e+01, 2.1241e+01, 1.3487e+02, 1.0222e+02],
        [9.8961e-02, 2.8504e+00, 1.3054e+02, 1.1521e+02],
        [7.6880e+01, 2.0082e+01, 1.6987e+02, 6.5899e+01],
        [2.2162e+02, 4.5944e+01, 3.1960e+02, 8.6509e+01],
        [1.0750e+02, 2.4835e+01, 1.5576e+02, 9.3435e+01],
        [5.2693e+01, 8.0905e+00, 1.4985e+02, 1.4500e+02],
        [2.1402e+02, 3.4522e+01, 2.8723e+02, 9.4332e+01],
        [8.5354e+01, 4.4772e+01, 1.5416e+02, 1.0933e+02],
        [1.7770e+02, 3.1615e+00, 3.4700e+02, 9.4144e+01],
        [8.0758e+01, 3.7922e+01, 1.6199e+02, 8.2023e+01],
        [6.8355e+01, 3.2104e+01, 1.1774e+02, 1.0770e+02],
        [5.2649e+01, 2.9532e+01, 1.4553e+02, 7.2116e+01],
        [1.6541e+02, 4.5370e+00, 2.6292e+02, 1.4500e+02],
        [2.0015e+02, 8.3579e+00, 2.9906e+02, 1.4500e+02],
        [2.0940e+02, 1.3299e+01, 2.5823e+02, 8.8577e+01],
        [8.9975e+01, 3.6537e+01, 2.4825e+02, 1.2607e+02],
        [1.6964e+02, 4.6976e+00, 2.5127e+02, 6.9564e+01],
        [3.6426e+01, 4.5590e+01, 1.4056e+02, 8.9313e+01],
        [7.7437e+01, 4.9955e+01, 1.2798e+02, 1.2095e+02],
        [9.2710e+00, 5.0743e+01, 1.8087e+02, 1.4003e+02],
        [2.1793e+02, 2.8820e+01, 3.1672e+02, 7.3034e+01],
        [1.6843e+02, 3.4906e+01, 2.5785e+02, 8.4621e+01],
        [8.8875e+01, 4.0448e+00, 1.7314e+02, 9.4218e+01],
        [5.2465e+01, 1.5236e+01, 1.5349e+02, 5.5414e+01],
        [2.1150e+02, 5.3345e+00, 2.8902e+02, 6.7297e+01],
        [1.5097e+02, 1.8095e+01, 2.2382e+02, 8.6452e+01],
        [1.1883e+02, 3.9549e+00, 2.8851e+02, 7.8436e+01],
        [1.7986e+02, 3.7614e+01, 3.4462e+02, 1.2703e+02],
        [3.8104e+01, 2.0748e+01, 1.2073e+02, 8.2192e+01],
        [1.7167e+02, 5.1570e+01, 2.5553e+02, 9.9629e+01],
        [9.7260e+01, 1.0487e+01, 1.8414e+02, 4.9442e+01],
        [1.2000e+02, 2.1829e+01, 1.8164e+02, 8.2974e+01],
        [4.3143e+01, 6.1296e+01, 1.3969e+02, 1.0734e+02],
        [9.9839e+01, 5.4111e+01, 1.7766e+02, 9.9048e+01],
        [2.4967e+02, 3.9578e+01, 3.2709e+02, 9.8898e+01],
        [1.4813e+02, 1.3610e+01, 2.4061e+02, 5.7184e+01],
        [2.0419e+02, 6.2348e+01, 3.0035e+02, 1.0749e+02],
        [2.1290e+01, 6.9393e+01, 1.0884e+02, 1.1531e+02],
        [1.7812e+02, 2.5767e+01, 2.3248e+02, 1.0655e+02],
        [2.3306e+02, 7.0005e+00, 3.3136e+02, 1.4500e+02],
        [5.0509e+01, 3.1194e+01, 1.0106e+02, 1.0853e+02],
        [2.3678e+02, 4.6267e+00, 3.1464e+02, 6.6518e+01],
        [1.1166e+01, 6.4542e+01, 7.8188e+01, 1.2205e+02],
        [3.1519e+01, 3.6499e+00, 1.9314e+02, 7.5921e+01],
        [2.2969e+01, 5.4618e+01, 1.1294e+02, 9.7208e+01],
        [6.4878e+01, 6.9214e+01, 1.5470e+02, 1.1609e+02],
        [1.3324e+02, 8.1699e+00, 1.9674e+02, 6.1069e+01],
        [1.6847e+02, 2.6583e+00, 2.6911e+02, 3.6991e+01],
        [7.0665e+00, 3.5308e+01, 1.0307e+02, 8.1029e+01],
        [1.2501e+02, 2.7670e+01, 2.1428e+02, 7.3617e+01],
        [6.5518e+00, 2.0503e+01, 1.0809e+02, 6.2789e+01],
        [1.2448e+02, 5.3396e+00, 2.0348e+02, 1.0995e+02],
        [1.6297e+02, 3.5686e+01, 2.1051e+02, 1.0708e+02],
        [1.3592e+02, 3.1471e+01, 1.9459e+02, 9.1204e+01],
        [2.5891e+01, 2.8471e+01, 7.7612e+01, 1.0431e+02],
        [3.3255e+00, 1.9017e+00, 1.0044e+02, 5.3062e+01],
        [1.5618e+02, 6.0029e+01, 2.3140e+02, 1.0574e+02],
        [7.1580e+01, 3.0769e+00, 1.7716e+02, 3.7258e+01],
        [2.7070e+02, 1.4715e+01, 3.2428e+02, 9.0194e+01],
        [2.2067e+02, 2.3074e+00, 3.1118e+02, 4.0962e+01]]), 'labels': tensor([1, 1, 1, 1, 1, 1, 1, 1, 1, 1, 1, 1, 1, 1, 1, 1, 1, 1, 1, 1, 1, 1, 1, 1,
        1, 1, 1, 1, 1, 1, 1, 1, 1, 1, 1, 1, 1, 1, 1, 1, 1, 1, 1, 1, 1, 1, 1, 1,
        1, 1, 1, 1, 1, 1, 1, 1, 1, 1, 1, 1, 1, 1]), 'scores': tensor([0.1705, 0.1613, 0.1467, 0.1409, 0.1355, 0.1314, 0.1270, 0.1224, 0.1213,
        0.1203, 0.1151, 0.1056, 0.1055, 0.1052, 0.1034, 0.1032, 0.1027, 0.1020,
        0.1011, 0.1008, 0.1000, 0.0946, 0.0940, 0.0908, 0.0898, 0.0883, 0.0870,
        0.0854, 0.0850, 0.0833, 0.0832, 0.0826, 0.0820, 0.0804, 0.0775, 0.0738,
        0.0736, 0.0733, 0.0715, 0.0712, 0.0704, 0.0681, 0.0680, 0.0668, 0.0658,
        0.0636, 0.0634, 0.0631, 0.0629, 0.0615, 0.0589, 0.0570, 0.0565, 0.0534,
        0.0531, 0.0529, 0.0518, 0.0507, 0.0506, 0.0503, 0.0502, 0.0501])}, {'boxes': tensor([[ 84.3813,  10.3505, 177.1613, 132.9265],
        [ 58.7419,  41.3288, 230.5110, 121.7177],
        [ 17.6483,  10.2619, 197.1635,  96.6649],
        [131.1205,   8.3360, 200.8217,  51.7186],
        [140.1450,   8.5908, 190.7433,  80.3146],
        [ 46.8080,   3.2408, 136.8091, 125.9920],
        [122.7097,   5.2750, 210.7612, 141.8146],
        [102.7958,  54.0347, 262.7639, 136.3583],
        [  1.0698,  33.9076, 160.5750, 123.6855],
        [ 40.8913,  66.1304, 197.0058, 144.5626],
        [ 60.3117,  32.8971, 157.8964, 160.0348],
        [ 11.5480,   5.2679, 105.2868, 121.5674],
        [132.8686,  22.3801, 205.5339,  64.2167],
        [152.0919,   0.3713, 214.7139,  49.6082],
        [158.5110,  20.7778, 237.0764, 152.8550],
        [ 78.3334,   1.4799, 134.4734,  49.1714],
        [131.4253,  21.5480, 181.7507,  97.1024],
        [ 76.3487,  80.9141, 220.4622, 157.2779],
        [102.5957,  14.1313, 256.8716, 102.7025],
        [131.9750,  69.5552, 246.0529, 166.0195],
        [ 79.2877,   6.7465, 124.2571,  77.5218],
        [165.8952,   9.9662, 195.2411,  49.8234],
        [163.4482,   7.8986, 206.6278,  31.2536],
        [ 76.6673,   0.0000, 214.1240,  70.8784],
        [108.6529,   3.0720, 184.6310,  87.4656],
        [172.6518,   2.6417, 210.1687,  71.1414],
        [166.5646,  85.2945, 300.0000, 162.4584],
        [118.8157,  35.5368, 204.0844,  83.2054],
        [ 42.3593,   0.5014, 214.7808,  28.8011],
        [126.5184,  50.1728, 192.5298, 110.8600],
        [156.7035,  25.4442, 197.8443,  88.2198],
        [ 82.1469,  14.1546, 158.2668,  59.2209],
        [111.1640,   4.6036, 187.4375,  42.9233],
        [175.8869,   4.1189, 200.1074,  36.5142],
        [152.2007,  14.4844, 202.6621,  39.2689],
        [  0.6727,  67.3526, 131.5631, 148.3873],
        [177.5484,  52.5466, 221.4513, 125.9983],
        [ 93.6134,  44.9205, 185.0536,  87.6156],
        [ 92.1296,  22.9859, 136.3492,  95.6842],
        [ 55.6456,   0.5091, 170.0442,  54.9051],
        [ 82.9526,  28.6727, 164.4635,  72.3805],
        [135.0321,   1.9157, 294.3269, 140.9247],
        [ 59.0666,  58.9211, 148.3220, 101.1600],
        [172.6936,  42.8315, 213.4389, 105.2494],
        [  3.3805,  95.2597,  58.7417, 152.9015]]), 'labels': tensor([1, 1, 1, 1, 1, 1, 1, 1, 1, 1, 1, 1, 1, 1, 1, 1, 1, 1, 1, 1, 1, 1, 1, 1,
        1, 1, 1, 1, 1, 1, 1, 1, 1, 1, 1, 1, 1, 1, 1, 1, 1, 1, 1, 1, 1]), 'scores': tensor([0.1736, 0.1639, 0.1513, 0.1506, 0.1473, 0.1416, 0.1395, 0.1354, 0.1302,
        0.1192, 0.1141, 0.1064, 0.1017, 0.0935, 0.0921, 0.0911, 0.0889, 0.0875,
        0.0867, 0.0855, 0.0832, 0.0799, 0.0776, 0.0743, 0.0698, 0.0678, 0.0663,
        0.0661, 0.0648, 0.0638, 0.0624, 0.0595, 0.0595, 0.0586, 0.0570, 0.0565,
        0.0565, 0.0554, 0.0552, 0.0540, 0.0539, 0.0523, 0.0516, 0.0514, 0.0508])}, {'boxes': tensor([[ 36.2061,  50.6829, 209.1857, 138.0062],
        [ 43.6858,  13.7380, 135.0866, 144.8553],
        [ 72.3270,   4.2511, 163.6360, 144.8793],
        [ 37.6548,  27.2470, 205.8414, 106.9125],
        [102.0238,   6.3101, 196.1290, 138.0988],
        [  2.2486,  29.6835, 118.1576, 133.3496],
        [ 77.5387,   3.5550, 209.0003,  85.4994],
        [  4.6888,   1.8251, 184.6664, 123.3066],
        [129.7584,   3.4876, 230.1497, 128.1224],
        [  6.1182,  81.1306, 182.7867, 159.7305],
        [ 90.6159,  47.1073, 186.3083, 169.9508],
        [ 15.6909,   0.5679, 187.6158,  67.1623],
        [ 20.8353,  55.5579, 105.9025, 178.3418],
        [ 73.8879,  62.9472, 245.2623, 154.9966],
        [128.9702,  43.4945, 221.2610, 175.2531],
        [ 48.0863, 116.4802, 235.8786, 177.4685],
        [134.3324,   4.6804, 274.6736,  86.2338],
        [123.7020,  84.4352, 275.0000, 163.7652],
        [159.1681,  43.8335, 258.2840, 169.0029]]), 'labels': tensor([1, 1, 1, 1, 1, 1, 1, 1, 1, 1, 1, 1, 1, 1, 1, 1, 1, 1, 1]), 'scores': tensor([0.1589, 0.1579, 0.1475, 0.1456, 0.1405, 0.1283, 0.1242, 0.1223, 0.1161,
        0.1106, 0.1024, 0.0999, 0.0966, 0.0955, 0.0689, 0.0649, 0.0539, 0.0522,
        0.0504])}]
2025-04-23 23:26:39,923 - INFO - Model saved sucesfuly...
